f:\wokspace\2.1.2\wt_h264staticmddvs2015\src\h264showplay\h264showplay\x64\release\rtspshowplay.pch
f:\wokspace\2.1.2\wt_h264staticmddvs2015\src\h264showplay\h264showplay\x64\release\vc140.pdb
f:\wokspace\2.1.2\wt_h264staticmddvs2015\src\h264showplay\h264showplay\x64\release\stdafx.obj
f:\wokspace\2.1.2\wt_h264staticmddvs2015\src\h264showplay\h264showplay\x64\release\h264showplaydlg.obj
f:\wokspace\2.1.2\wt_h264staticmddvs2015\src\h264showplay\h264showplay\x64\release\h264showplay.obj
f:\wokspace\2.1.2\wt_h264staticmddvs2015\bin\x64\release\rtspshowplay.exe
f:\wokspace\2.1.2\wt_h264staticmddvs2015\bin\x64\release\rtspshowplay.pdb
f:\wokspace\2.1.2\wt_h264staticmddvs2015\src\h264showplay\h264showplay\x64\release\h264showplay.res
f:\wokspace\2.1.2\wt_h264staticmddvs2015\src\h264showplay\h264showplay\x64\release\rtspshowplay.ipdb
f:\wokspace\2.1.2\wt_h264staticmddvs2015\src\h264showplay\h264showplay\x64\release\rtspshowplay.iobj
f:\wokspace\2.1.2\wt_h264staticmddvs2015\src\h264showplay\h264showplay\x64\release\rtspshowplay.pdb
f:\wokspace\2.1.2\wt_h264staticmddvs2015\src\h264showplay\h264showplay\../../../bin/x64/release/rtspshowplay.exe
f:\wokspace\2.1.2\wt_h264staticmddvs2015\src\h264showplay\h264showplay\x64\release\rtspshowplay.tlog\cl.command.1.tlog
f:\wokspace\2.1.2\wt_h264staticmddvs2015\src\h264showplay\h264showplay\x64\release\rtspshowplay.tlog\cl.read.1.tlog
f:\wokspace\2.1.2\wt_h264staticmddvs2015\src\h264showplay\h264showplay\x64\release\rtspshowplay.tlog\cl.write.1.tlog
f:\wokspace\2.1.2\wt_h264staticmddvs2015\src\h264showplay\h264showplay\x64\release\rtspshowplay.tlog\link.command.1.tlog
f:\wokspace\2.1.2\wt_h264staticmddvs2015\src\h264showplay\h264showplay\x64\release\rtspshowplay.tlog\link.read.1.tlog
f:\wokspace\2.1.2\wt_h264staticmddvs2015\src\h264showplay\h264showplay\x64\release\rtspshowplay.tlog\link.write.1.tlog
f:\wokspace\2.1.2\wt_h264staticmddvs2015\src\h264showplay\h264showplay\x64\release\rtspshowplay.tlog\rc.command.1.tlog
f:\wokspace\2.1.2\wt_h264staticmddvs2015\src\h264showplay\h264showplay\x64\release\rtspshowplay.tlog\rc.read.1.tlog
f:\wokspace\2.1.2\wt_h264staticmddvs2015\src\h264showplay\h264showplay\x64\release\rtspshowplay.tlog\rc.write.1.tlog
