f:\wokspace\2.1.2\wt_h264staticmddvs2015\src\h264showplay\h264showplay\x64\debug\rtspshowplay.pch
f:\wokspace\2.1.2\wt_h264staticmddvs2015\src\h264showplay\h264showplay\x64\debug\vc140.pdb
f:\wokspace\2.1.2\wt_h264staticmddvs2015\src\h264showplay\h264showplay\x64\debug\vc140.idb
f:\wokspace\2.1.2\wt_h264staticmddvs2015\src\h264showplay\h264showplay\x64\debug\stdafx.obj
f:\wokspace\2.1.2\wt_h264staticmddvs2015\src\h264showplay\h264showplay\x64\debug\h264showplay.obj
f:\wokspace\2.1.2\wt_h264staticmddvs2015\src\h264showplay\h264showplay\x64\debug\h264showplaydlg.obj
f:\wokspace\2.1.2\wt_h264staticmddvs2015\bin\x64\debug\rtspshowplay.ilk
f:\wokspace\2.1.2\wt_h264staticmddvs2015\bin\x64\debug\rtspshowplay.exe
f:\wokspace\2.1.2\wt_h264staticmddvs2015\bin\x64\debug\rtspshowplay.pdb
f:\wokspace\2.1.2\wt_h264staticmddvs2015\src\h264showplay\h264showplay\x64\debug\h264showplay.res
f:\wokspace\2.1.2\wt_h264staticmddvs2015\src\h264showplay\h264showplay\x64\debug\rtspshowplay.exe.embed.manifest
f:\wokspace\2.1.2\wt_h264staticmddvs2015\src\h264showplay\h264showplay\x64\debug\rtspshowplay.exe.intermediate.manifest
f:\wokspace\2.1.2\wt_h264staticmddvs2015\src\h264showplay\h264showplay\../../../bin/x64/debug/rtspshowplay.exe
f:\wokspace\2.1.2\wt_h264staticmddvs2015\src\h264showplay\h264showplay\x64\debug\rtspshowplay.tlog\cl.command.1.tlog
f:\wokspace\2.1.2\wt_h264staticmddvs2015\src\h264showplay\h264showplay\x64\debug\rtspshowplay.tlog\cl.read.1.tlog
f:\wokspace\2.1.2\wt_h264staticmddvs2015\src\h264showplay\h264showplay\x64\debug\rtspshowplay.tlog\cl.write.1.tlog
f:\wokspace\2.1.2\wt_h264staticmddvs2015\src\h264showplay\h264showplay\x64\debug\rtspshowplay.tlog\link.command.1.tlog
f:\wokspace\2.1.2\wt_h264staticmddvs2015\src\h264showplay\h264showplay\x64\debug\rtspshowplay.tlog\link.read.1.tlog
f:\wokspace\2.1.2\wt_h264staticmddvs2015\src\h264showplay\h264showplay\x64\debug\rtspshowplay.tlog\link.write.1.tlog
f:\wokspace\2.1.2\wt_h264staticmddvs2015\src\h264showplay\h264showplay\x64\debug\rtspshowplay.tlog\rc.command.1.tlog
f:\wokspace\2.1.2\wt_h264staticmddvs2015\src\h264showplay\h264showplay\x64\debug\rtspshowplay.tlog\rc.read.1.tlog
f:\wokspace\2.1.2\wt_h264staticmddvs2015\src\h264showplay\h264showplay\x64\debug\rtspshowplay.tlog\rc.write.1.tlog
