f:\wokspace\2.1.2\wt_h264staticmddvs2015\src\rtspclient\x64\debug\vc140.pdb
f:\wokspace\2.1.2\wt_h264staticmddvs2015\src\rtspclient\x64\debug\vc140.idb
f:\wokspace\2.1.2\wt_h264staticmddvs2015\src\rtspclient\x64\debug\t140textrtpsink.obj
f:\wokspace\2.1.2\wt_h264staticmddvs2015\src\rtspclient\x64\debug\tcpstreamsink.obj
f:\wokspace\2.1.2\wt_h264staticmddvs2015\src\rtspclient\x64\debug\textrtpsink.obj
f:\wokspace\2.1.2\wt_h264staticmddvs2015\src\rtspclient\x64\debug\theoravideortpsink.obj
f:\wokspace\2.1.2\wt_h264staticmddvs2015\src\rtspclient\x64\debug\theoravideortpsource.obj
f:\wokspace\2.1.2\wt_h264staticmddvs2015\src\rtspclient\x64\debug\ulawaudiofilter.obj
f:\wokspace\2.1.2\wt_h264staticmddvs2015\src\rtspclient\x64\debug\videortpsink.obj
f:\wokspace\2.1.2\wt_h264staticmddvs2015\src\rtspclient\x64\debug\vorbisaudiortpsink.obj
f:\wokspace\2.1.2\wt_h264staticmddvs2015\src\rtspclient\x64\debug\vorbisaudiortpsource.obj
f:\wokspace\2.1.2\wt_h264staticmddvs2015\src\rtspclient\x64\debug\vp8videortpsink.obj
f:\wokspace\2.1.2\wt_h264staticmddvs2015\src\rtspclient\x64\debug\vp8videortpsource.obj
f:\wokspace\2.1.2\wt_h264staticmddvs2015\src\rtspclient\x64\debug\wavaudiofileservermediasubsession.obj
f:\wokspace\2.1.2\wt_h264staticmddvs2015\src\rtspclient\x64\debug\wavaudiofilesource.obj
f:\wokspace\2.1.2\wt_h264staticmddvs2015\src\rtspclient\x64\debug\hashtable.obj
f:\wokspace\2.1.2\wt_h264staticmddvs2015\src\rtspclient\x64\debug\strdup.obj
f:\wokspace\2.1.2\wt_h264staticmddvs2015\src\rtspclient\x64\debug\usageenvironment.obj
f:\wokspace\2.1.2\wt_h264staticmddvs2015\src\rtspclient\x64\debug\d3dshow.obj
f:\wokspace\2.1.2\wt_h264staticmddvs2015\src\rtspclient\x64\debug\stdafx.obj
f:\wokspace\2.1.2\wt_h264staticmddvs2015\src\rtspclient\x64\debug\vxrtspclient.obj
f:\wokspace\2.1.2\wt_h264staticmddvs2015\src\rtspclient\x64\debug\wt_h264.obj
f:\wokspace\2.1.2\wt_h264staticmddvs2015\src\rtspclient\x64\debug\passiveservermediasubsession.obj
f:\wokspace\2.1.2\wt_h264staticmddvs2015\src\rtspclient\x64\debug\proxyservermediasession.obj
f:\wokspace\2.1.2\wt_h264staticmddvs2015\src\rtspclient\x64\debug\qcelpaudiortpsource.obj
f:\wokspace\2.1.2\wt_h264staticmddvs2015\src\rtspclient\x64\debug\quicktimefilesink.obj
f:\wokspace\2.1.2\wt_h264staticmddvs2015\src\rtspclient\x64\debug\quicktimegenericrtpsource.obj
f:\wokspace\2.1.2\wt_h264staticmddvs2015\src\rtspclient\x64\debug\rtcp.obj
f:\wokspace\2.1.2\wt_h264staticmddvs2015\src\rtspclient\x64\debug\rtpinterface.obj
f:\wokspace\2.1.2\wt_h264staticmddvs2015\src\rtspclient\x64\debug\rtpsink.obj
f:\wokspace\2.1.2\wt_h264staticmddvs2015\src\rtspclient\x64\debug\rtpsource.obj
f:\wokspace\2.1.2\wt_h264staticmddvs2015\src\rtspclient\x64\debug\rtspclient.obj
f:\wokspace\2.1.2\wt_h264staticmddvs2015\src\rtspclient\x64\debug\rtspcommon.obj
f:\wokspace\2.1.2\wt_h264staticmddvs2015\src\rtspclient\x64\debug\rtspregistersender.obj
f:\wokspace\2.1.2\wt_h264staticmddvs2015\src\rtspclient\x64\debug\rtspserver.obj
f:\wokspace\2.1.2\wt_h264staticmddvs2015\src\rtspclient\x64\debug\rtspserversupportinghttpstreaming.obj
f:\wokspace\2.1.2\wt_h264staticmddvs2015\src\rtspclient\x64\debug\servermediasession.obj
f:\wokspace\2.1.2\wt_h264staticmddvs2015\src\rtspclient\x64\debug\simplertpsink.obj
f:\wokspace\2.1.2\wt_h264staticmddvs2015\src\rtspclient\x64\debug\simplertpsource.obj
f:\wokspace\2.1.2\wt_h264staticmddvs2015\src\rtspclient\x64\debug\sipclient.obj
f:\wokspace\2.1.2\wt_h264staticmddvs2015\src\rtspclient\x64\debug\streamparser.obj
f:\wokspace\2.1.2\wt_h264staticmddvs2015\src\rtspclient\x64\debug\streamreplicator.obj
f:\wokspace\2.1.2\wt_h264staticmddvs2015\src\rtspclient\x64\debug\mpeg4genericrtpsink.obj
f:\wokspace\2.1.2\wt_h264staticmddvs2015\src\rtspclient\x64\debug\mpeg4genericrtpsource.obj
f:\wokspace\2.1.2\wt_h264staticmddvs2015\src\rtspclient\x64\debug\mpeg4latmaudiortpsink.obj
f:\wokspace\2.1.2\wt_h264staticmddvs2015\src\rtspclient\x64\debug\mpeg4latmaudiortpsource.obj
f:\wokspace\2.1.2\wt_h264staticmddvs2015\src\rtspclient\x64\debug\mpeg4videofileservermediasubsession.obj
f:\wokspace\2.1.2\wt_h264staticmddvs2015\src\rtspclient\x64\debug\mpeg4videostreamdiscreteframer.obj
f:\wokspace\2.1.2\wt_h264staticmddvs2015\src\rtspclient\x64\debug\mpeg4videostreamframer.obj
f:\wokspace\2.1.2\wt_h264staticmddvs2015\src\rtspclient\x64\debug\mpegvideostreamframer.obj
f:\wokspace\2.1.2\wt_h264staticmddvs2015\src\rtspclient\x64\debug\mpegvideostreamparser.obj
f:\wokspace\2.1.2\wt_h264staticmddvs2015\src\rtspclient\x64\debug\multiframedrtpsink.obj
f:\wokspace\2.1.2\wt_h264staticmddvs2015\src\rtspclient\x64\debug\multiframedrtpsource.obj
f:\wokspace\2.1.2\wt_h264staticmddvs2015\src\rtspclient\x64\debug\oggdemuxedtrack.obj
f:\wokspace\2.1.2\wt_h264staticmddvs2015\src\rtspclient\x64\debug\oggfile.obj
f:\wokspace\2.1.2\wt_h264staticmddvs2015\src\rtspclient\x64\debug\oggfileparser.obj
f:\wokspace\2.1.2\wt_h264staticmddvs2015\src\rtspclient\x64\debug\oggfileserverdemux.obj
f:\wokspace\2.1.2\wt_h264staticmddvs2015\src\rtspclient\x64\debug\oggfileservermediasubsession.obj
f:\wokspace\2.1.2\wt_h264staticmddvs2015\src\rtspclient\x64\debug\oggfilesink.obj
f:\wokspace\2.1.2\wt_h264staticmddvs2015\src\rtspclient\x64\debug\ondemandservermediasubsession.obj
f:\wokspace\2.1.2\wt_h264staticmddvs2015\src\rtspclient\x64\debug\ourmd5.obj
f:\wokspace\2.1.2\wt_h264staticmddvs2015\src\rtspclient\x64\debug\outputfile.obj
f:\wokspace\2.1.2\wt_h264staticmddvs2015\src\rtspclient\x64\debug\mpeg1or2demux.obj
f:\wokspace\2.1.2\wt_h264staticmddvs2015\src\rtspclient\x64\debug\mpeg1or2demuxedelementarystream.obj
f:\wokspace\2.1.2\wt_h264staticmddvs2015\src\rtspclient\x64\debug\mpeg1or2demuxedservermediasubsession.obj
f:\wokspace\2.1.2\wt_h264staticmddvs2015\src\rtspclient\x64\debug\mpeg1or2fileserverdemux.obj
f:\wokspace\2.1.2\wt_h264staticmddvs2015\src\rtspclient\x64\debug\mpeg1or2videofileservermediasubsession.obj
f:\wokspace\2.1.2\wt_h264staticmddvs2015\src\rtspclient\x64\debug\mpeg1or2videortpsink.obj
f:\wokspace\2.1.2\wt_h264staticmddvs2015\src\rtspclient\x64\debug\mpeg1or2videortpsource.obj
f:\wokspace\2.1.2\wt_h264staticmddvs2015\src\rtspclient\x64\debug\mpeg1or2videostreamdiscreteframer.obj
f:\wokspace\2.1.2\wt_h264staticmddvs2015\src\rtspclient\x64\debug\mpeg1or2videostreamframer.obj
f:\wokspace\2.1.2\wt_h264staticmddvs2015\src\rtspclient\x64\debug\mpeg2indexfromtransportstream.obj
f:\wokspace\2.1.2\wt_h264staticmddvs2015\src\rtspclient\x64\debug\mpeg2transportfileservermediasubsession.obj
f:\wokspace\2.1.2\wt_h264staticmddvs2015\src\rtspclient\x64\debug\mpeg2transportstreamframer.obj
f:\wokspace\2.1.2\wt_h264staticmddvs2015\src\rtspclient\x64\debug\mpeg2transportstreamfromessource.obj
f:\wokspace\2.1.2\wt_h264staticmddvs2015\src\rtspclient\x64\debug\mpeg2transportstreamfrompessource.obj
f:\wokspace\2.1.2\wt_h264staticmddvs2015\src\rtspclient\x64\debug\mpeg2transportstreamindexfile.obj
f:\wokspace\2.1.2\wt_h264staticmddvs2015\src\rtspclient\x64\debug\mpeg2transportstreammultiplexor.obj
f:\wokspace\2.1.2\wt_h264staticmddvs2015\src\rtspclient\x64\debug\mpeg2transportstreamtrickmodefilter.obj
f:\wokspace\2.1.2\wt_h264staticmddvs2015\src\rtspclient\x64\debug\mpeg2transportudpservermediasubsession.obj
f:\wokspace\2.1.2\wt_h264staticmddvs2015\src\rtspclient\x64\debug\mpeg4esvideortpsink.obj
f:\wokspace\2.1.2\wt_h264staticmddvs2015\src\rtspclient\x64\debug\mpeg4esvideortpsource.obj
f:\wokspace\2.1.2\wt_h264staticmddvs2015\src\rtspclient\x64\debug\mediasession.obj
f:\wokspace\2.1.2\wt_h264staticmddvs2015\src\rtspclient\x64\debug\mediasink.obj
f:\wokspace\2.1.2\wt_h264staticmddvs2015\src\rtspclient\x64\debug\mediasource.obj
f:\wokspace\2.1.2\wt_h264staticmddvs2015\src\rtspclient\x64\debug\mp3adu.obj
f:\wokspace\2.1.2\wt_h264staticmddvs2015\src\rtspclient\x64\debug\mp3adudescriptor.obj
f:\wokspace\2.1.2\wt_h264staticmddvs2015\src\rtspclient\x64\debug\mp3aduinterleaving.obj
f:\wokspace\2.1.2\wt_h264staticmddvs2015\src\rtspclient\x64\debug\mp3adurtpsink.obj
f:\wokspace\2.1.2\wt_h264staticmddvs2015\src\rtspclient\x64\debug\mp3adurtpsource.obj
f:\wokspace\2.1.2\wt_h264staticmddvs2015\src\rtspclient\x64\debug\mp3adutranscoder.obj
f:\wokspace\2.1.2\wt_h264staticmddvs2015\src\rtspclient\x64\debug\mp3audiofileservermediasubsession.obj
f:\wokspace\2.1.2\wt_h264staticmddvs2015\src\rtspclient\x64\debug\mp3audiomatroskafileservermediasubsession.obj
f:\wokspace\2.1.2\wt_h264staticmddvs2015\src\rtspclient\x64\debug\mp3filesource.obj
f:\wokspace\2.1.2\wt_h264staticmddvs2015\src\rtspclient\x64\debug\mp3internals.obj
f:\wokspace\2.1.2\wt_h264staticmddvs2015\src\rtspclient\x64\debug\mp3internalshuffman.obj
f:\wokspace\2.1.2\wt_h264staticmddvs2015\src\rtspclient\x64\debug\mp3internalshuffmantable.obj
f:\wokspace\2.1.2\wt_h264staticmddvs2015\src\rtspclient\x64\debug\mp3streamstate.obj
f:\wokspace\2.1.2\wt_h264staticmddvs2015\src\rtspclient\x64\debug\mp3transcoder.obj
f:\wokspace\2.1.2\wt_h264staticmddvs2015\src\rtspclient\x64\debug\mpeg1or2audiortpsink.obj
f:\wokspace\2.1.2\wt_h264staticmddvs2015\src\rtspclient\x64\debug\mpeg1or2audiortpsource.obj
f:\wokspace\2.1.2\wt_h264staticmddvs2015\src\rtspclient\x64\debug\mpeg1or2audiostreamframer.obj
f:\wokspace\2.1.2\wt_h264staticmddvs2015\src\rtspclient\x64\debug\h264videortpsource.obj
f:\wokspace\2.1.2\wt_h264staticmddvs2015\src\rtspclient\x64\debug\h264videostreamdiscreteframer.obj
f:\wokspace\2.1.2\wt_h264staticmddvs2015\src\rtspclient\x64\debug\h264videostreamframer.obj
f:\wokspace\2.1.2\wt_h264staticmddvs2015\src\rtspclient\x64\debug\h265videofileservermediasubsession.obj
f:\wokspace\2.1.2\wt_h264staticmddvs2015\src\rtspclient\x64\debug\h265videofilesink.obj
f:\wokspace\2.1.2\wt_h264staticmddvs2015\src\rtspclient\x64\debug\h265videortpsink.obj
f:\wokspace\2.1.2\wt_h264staticmddvs2015\src\rtspclient\x64\debug\h265videortpsource.obj
f:\wokspace\2.1.2\wt_h264staticmddvs2015\src\rtspclient\x64\debug\h265videostreamdiscreteframer.obj
f:\wokspace\2.1.2\wt_h264staticmddvs2015\src\rtspclient\x64\debug\h265videostreamframer.obj
f:\wokspace\2.1.2\wt_h264staticmddvs2015\src\rtspclient\x64\debug\inputfile.obj
f:\wokspace\2.1.2\wt_h264staticmddvs2015\src\rtspclient\x64\debug\jpegvideortpsink.obj
f:\wokspace\2.1.2\wt_h264staticmddvs2015\src\rtspclient\x64\debug\jpegvideortpsource.obj
f:\wokspace\2.1.2\wt_h264staticmddvs2015\src\rtspclient\x64\debug\jpegvideosource.obj
f:\wokspace\2.1.2\wt_h264staticmddvs2015\src\rtspclient\x64\debug\locale.obj
f:\wokspace\2.1.2\wt_h264staticmddvs2015\src\rtspclient\x64\debug\matroskademuxedtrack.obj
f:\wokspace\2.1.2\wt_h264staticmddvs2015\src\rtspclient\x64\debug\matroskafile.obj
f:\wokspace\2.1.2\wt_h264staticmddvs2015\src\rtspclient\x64\debug\matroskafileparser.obj
f:\wokspace\2.1.2\wt_h264staticmddvs2015\src\rtspclient\x64\debug\matroskafileserverdemux.obj
f:\wokspace\2.1.2\wt_h264staticmddvs2015\src\rtspclient\x64\debug\matroskafileservermediasubsession.obj
f:\wokspace\2.1.2\wt_h264staticmddvs2015\src\rtspclient\x64\debug\media.obj
f:\wokspace\2.1.2\wt_h264staticmddvs2015\src\rtspclient\x64\debug\ebmlnumber.obj
f:\wokspace\2.1.2\wt_h264staticmddvs2015\src\rtspclient\x64\debug\fileservermediasubsession.obj
f:\wokspace\2.1.2\wt_h264staticmddvs2015\src\rtspclient\x64\debug\filesink.obj
f:\wokspace\2.1.2\wt_h264staticmddvs2015\src\rtspclient\x64\debug\framedfilesource.obj
f:\wokspace\2.1.2\wt_h264staticmddvs2015\src\rtspclient\x64\debug\framedfilter.obj
f:\wokspace\2.1.2\wt_h264staticmddvs2015\src\rtspclient\x64\debug\framedsource.obj
f:\wokspace\2.1.2\wt_h264staticmddvs2015\src\rtspclient\x64\debug\gsmaudiortpsink.obj
f:\wokspace\2.1.2\wt_h264staticmddvs2015\src\rtspclient\x64\debug\h261videortpsource.obj
f:\wokspace\2.1.2\wt_h264staticmddvs2015\src\rtspclient\x64\debug\h263plusvideofileservermediasubsession.obj
f:\wokspace\2.1.2\wt_h264staticmddvs2015\src\rtspclient\x64\debug\h263plusvideortpsink.obj
f:\wokspace\2.1.2\wt_h264staticmddvs2015\src\rtspclient\x64\debug\h263plusvideortpsource.obj
f:\wokspace\2.1.2\wt_h264staticmddvs2015\src\rtspclient\x64\debug\h263plusvideostreamframer.obj
f:\wokspace\2.1.2\wt_h264staticmddvs2015\src\rtspclient\x64\debug\h263plusvideostreamparser.obj
f:\wokspace\2.1.2\wt_h264staticmddvs2015\src\rtspclient\x64\debug\h264or5videofilesink.obj
f:\wokspace\2.1.2\wt_h264staticmddvs2015\src\rtspclient\x64\debug\h264or5videortpsink.obj
f:\wokspace\2.1.2\wt_h264staticmddvs2015\src\rtspclient\x64\debug\h264or5videostreamdiscreteframer.obj
f:\wokspace\2.1.2\wt_h264staticmddvs2015\src\rtspclient\x64\debug\h264or5videostreamframer.obj
f:\wokspace\2.1.2\wt_h264staticmddvs2015\src\rtspclient\x64\debug\h264videofileservermediasubsession.obj
f:\wokspace\2.1.2\wt_h264staticmddvs2015\src\rtspclient\x64\debug\h264videofilesink.obj
f:\wokspace\2.1.2\wt_h264staticmddvs2015\src\rtspclient\x64\debug\h264videortpsink.obj
f:\wokspace\2.1.2\wt_h264staticmddvs2015\src\rtspclient\x64\debug\amraudiortpsink.obj
f:\wokspace\2.1.2\wt_h264staticmddvs2015\src\rtspclient\x64\debug\amraudiortpsource.obj
f:\wokspace\2.1.2\wt_h264staticmddvs2015\src\rtspclient\x64\debug\amraudiosource.obj
f:\wokspace\2.1.2\wt_h264staticmddvs2015\src\rtspclient\x64\debug\audioinputdevice.obj
f:\wokspace\2.1.2\wt_h264staticmddvs2015\src\rtspclient\x64\debug\audiortpsink.obj
f:\wokspace\2.1.2\wt_h264staticmddvs2015\src\rtspclient\x64\debug\avifilesink.obj
f:\wokspace\2.1.2\wt_h264staticmddvs2015\src\rtspclient\x64\debug\base64.obj
f:\wokspace\2.1.2\wt_h264staticmddvs2015\src\rtspclient\x64\debug\basicudpsink.obj
f:\wokspace\2.1.2\wt_h264staticmddvs2015\src\rtspclient\x64\debug\basicudpsource.obj
f:\wokspace\2.1.2\wt_h264staticmddvs2015\src\rtspclient\x64\debug\bitvector.obj
f:\wokspace\2.1.2\wt_h264staticmddvs2015\src\rtspclient\x64\debug\bytestreamfilesource.obj
f:\wokspace\2.1.2\wt_h264staticmddvs2015\src\rtspclient\x64\debug\bytestreammemorybuffersource.obj
f:\wokspace\2.1.2\wt_h264staticmddvs2015\src\rtspclient\x64\debug\bytestreammultifilesource.obj
f:\wokspace\2.1.2\wt_h264staticmddvs2015\src\rtspclient\x64\debug\darwininjector.obj
f:\wokspace\2.1.2\wt_h264staticmddvs2015\src\rtspclient\x64\debug\devicesource.obj
f:\wokspace\2.1.2\wt_h264staticmddvs2015\src\rtspclient\x64\debug\digestauthentication.obj
f:\wokspace\2.1.2\wt_h264staticmddvs2015\src\rtspclient\x64\debug\dvvideofileservermediasubsession.obj
f:\wokspace\2.1.2\wt_h264staticmddvs2015\src\rtspclient\x64\debug\dvvideortpsink.obj
f:\wokspace\2.1.2\wt_h264staticmddvs2015\src\rtspclient\x64\debug\dvvideortpsource.obj
f:\wokspace\2.1.2\wt_h264staticmddvs2015\src\rtspclient\x64\debug\dvvideostreamframer.obj
f:\wokspace\2.1.2\wt_h264staticmddvs2015\src\rtspclient\x64\debug\basictaskscheduler.obj
f:\wokspace\2.1.2\wt_h264staticmddvs2015\src\rtspclient\x64\debug\basictaskscheduler0.obj
f:\wokspace\2.1.2\wt_h264staticmddvs2015\src\rtspclient\x64\debug\basicusageenvironment.obj
f:\wokspace\2.1.2\wt_h264staticmddvs2015\src\rtspclient\x64\debug\basicusageenvironment0.obj
f:\wokspace\2.1.2\wt_h264staticmddvs2015\src\rtspclient\x64\debug\delayqueue.obj
f:\wokspace\2.1.2\wt_h264staticmddvs2015\src\rtspclient\x64\debug\groupeid.obj
f:\wokspace\2.1.2\wt_h264staticmddvs2015\src\rtspclient\x64\debug\groupsock.obj
f:\wokspace\2.1.2\wt_h264staticmddvs2015\src\rtspclient\x64\debug\groupsockhelper.obj
f:\wokspace\2.1.2\wt_h264staticmddvs2015\src\rtspclient\x64\debug\iohandlers.obj
f:\wokspace\2.1.2\wt_h264staticmddvs2015\src\rtspclient\x64\debug\netaddress.obj
f:\wokspace\2.1.2\wt_h264staticmddvs2015\src\rtspclient\x64\debug\netinterface.obj
f:\wokspace\2.1.2\wt_h264staticmddvs2015\src\rtspclient\x64\debug\ac3audiofileservermediasubsession.obj
f:\wokspace\2.1.2\wt_h264staticmddvs2015\src\rtspclient\x64\debug\ac3audiortpsink.obj
f:\wokspace\2.1.2\wt_h264staticmddvs2015\src\rtspclient\x64\debug\ac3audiortpsource.obj
f:\wokspace\2.1.2\wt_h264staticmddvs2015\src\rtspclient\x64\debug\ac3audiostreamframer.obj
f:\wokspace\2.1.2\wt_h264staticmddvs2015\src\rtspclient\x64\debug\adtsaudiofileservermediasubsession.obj
f:\wokspace\2.1.2\wt_h264staticmddvs2015\src\rtspclient\x64\debug\adtsaudiofilesource.obj
f:\wokspace\2.1.2\wt_h264staticmddvs2015\src\rtspclient\x64\debug\amraudiofileservermediasubsession.obj
f:\wokspace\2.1.2\wt_h264staticmddvs2015\src\rtspclient\x64\debug\amraudiofilesink.obj
f:\wokspace\2.1.2\wt_h264staticmddvs2015\src\rtspclient\x64\debug\amraudiofilesource.obj
f:\wokspace\2.1.2\wt_h264staticmddvs2015\src\rtspclient\x64\debug\basichashtable.obj
f:\wokspace\2.1.2\wt_h264staticmddvs2015\src\rtspclient\x64\debug\inet.obj
f:\wokspace\2.1.2\wt_h264staticmddvs2015\src\rtspclient\x64\debug\rtcp_from_spec.obj
f:\wokspace\2.1.2\wt_h264staticmddvs2015\bin\x64\debug\wt_h264.ilk
f:\wokspace\2.1.2\wt_h264staticmddvs2015\bin\x64\debug\wt_h264.dll
f:\wokspace\2.1.2\wt_h264staticmddvs2015\bin\x64\debug\wt_h264.pdb
f:\wokspace\2.1.2\wt_h264staticmddvs2015\src\rtspclient\x64\debug\wt_h264.res
f:\wokspace\2.1.2\wt_h264staticmddvs2015\src\rtspclient\x64\debug\wt_h264.lib
f:\wokspace\2.1.2\wt_h264staticmddvs2015\src\rtspclient\x64\debug\wt_h264.exp
f:\wokspace\2.1.2\wt_h264staticmddvs2015\bin\x64\debug\wt_h264.lib
f:\wokspace\2.1.2\wt_h264staticmddvs2015\bin\x64\debug\wt_h264.exp
f:\wokspace\2.1.2\wt_h264staticmddvs2015\src\rtspclient\x64\debug\rtspclient.vcxprojresolveassemblyreference.cache
f:\wokspace\2.1.2\wt_h264staticmddvs2015\src\rtspclient\x64\debug\wt_h264.pdb
f:\wokspace\2.1.2\wt_h264staticmddvs2015\src\rtspclient\../../bin/x64/debug/wt_h264.dll
f:\wokspace\2.1.2\wt_h264staticmddvs2015\src\rtspclient\x64\debug\wt_h264.tlog\cl.command.1.tlog
f:\wokspace\2.1.2\wt_h264staticmddvs2015\src\rtspclient\x64\debug\wt_h264.tlog\cl.read.1.tlog
f:\wokspace\2.1.2\wt_h264staticmddvs2015\src\rtspclient\x64\debug\wt_h264.tlog\cl.write.1.tlog
f:\wokspace\2.1.2\wt_h264staticmddvs2015\src\rtspclient\x64\debug\wt_h264.tlog\link.command.1.tlog
f:\wokspace\2.1.2\wt_h264staticmddvs2015\src\rtspclient\x64\debug\wt_h264.tlog\link.read.1.tlog
f:\wokspace\2.1.2\wt_h264staticmddvs2015\src\rtspclient\x64\debug\wt_h264.tlog\link.write.1.tlog
f:\wokspace\2.1.2\wt_h264staticmddvs2015\src\rtspclient\x64\debug\wt_h264.tlog\rc.command.1.tlog
f:\wokspace\2.1.2\wt_h264staticmddvs2015\src\rtspclient\x64\debug\wt_h264.tlog\rc.read.1.tlog
f:\wokspace\2.1.2\wt_h264staticmddvs2015\src\rtspclient\x64\debug\wt_h264.tlog\rc.write.1.tlog
f:\wokspace\2.1.2\wt_h264staticmddvs2015\src\rtspclient\x64\debug\wt_h264.tlog\wt_h264.write.1u.tlog
